build/app/outputs/mapping/release/mapping.txt
# compiler: R8
# compiler_version: 1.5.64
# min_api: 16
# pg_map_id: 84aa5bb
com.example.sign_up.MainActivity -> com.example.sign_up.MainActivity:
    void configureFlutterEngine(io.flutter.embedding.engine.FlutterEngine) -> a
...
androidx.lifecycle.ViewModelStoreOwner -> androidx.lifecycle.m:
androidx.savedstate.Recreator -> androidx.savedstate.Recreator:
    androidx.savedstate.SavedStateRegistryOwner mOwner -> a
    void onStateChanged(androidx.lifecycle.LifecycleOwner,androidx.lifecycle.Lifecycle$Event) -> a
androidx.savedstate.SavedStateRegistry -> androidx.savedstate.a:
    boolean mAllowingSavingState -> a
    android.os.Bundle consumeRestoredStateForKey(java.lang.String) -> a
androidx.savedstate.SavedStateRegistry$1 -> androidx.savedstate.SavedStateRegistry$1:
    androidx.savedstate.SavedStateRegistry this$0 -> a
    void onStateChanged(androidx.lifecycle.LifecycleOwner,androidx.lifecycle.Lifecycle$Event) -> a
androidx.savedstate.SavedStateRegistryOwner -> androidx.savedstate.b:
    androidx.savedstate.SavedStateRegistry getSavedStateRegistry() -> i
androidx.versionedparcelable.ParcelImpl -> androidx.versionedparcelable.ParcelImpl:
    androidx.versionedparcelable.VersionedParcelable mParcel -> a
androidx.versionedparcelable.ParcelImpl$1 -> androidx.versionedparcelable.ParcelImpl$a:
androidx.versionedparcelable.VersionedParcel -> androidx.versionedparcelable.a:
    androidx.collection.ArrayMap mParcelizerCache -> c
    androidx.collection.ArrayMap mReadCache -> a
    androidx.collection.ArrayMap mWriteCache -> b
    void closeField() -> a
    java.lang.Class findParcelClass(java.lang.Class) -> a
    boolean readBoolean(boolean,int) -> a
    byte[] readByteArray(byte[],int) -> a
    java.lang.CharSequence readCharSequence(java.lang.CharSequence,int) -> a
    boolean readField(int) -> a
    androidx.versionedparcelable.VersionedParcelable readFromParcel(java.lang.String,androidx.versionedparcelable.VersionedParcel) -> a
    int readInt(int,int) -> a
    android.os.Parcelable readParcelable(android.os.Parcelable,int) -> a
    java.lang.String readString(java.lang.String,int) -> a
    androidx.versionedparcelable.VersionedParcelable readVersionedParcelable(androidx.versionedparcelable.VersionedParcelable,int) -> a
    void setSerializationFlags(boolean,boolean) -> a
    void writeBoolean(boolean) -> a
    void writeByteArray(byte[]) -> a
    void writeCharSequence(java.lang.CharSequence) -> a
    void writeParcelable(android.os.Parcelable) -> a
    void writeString(java.lang.String) -> a
    void writeToParcel(androidx.versionedparcelable.VersionedParcelable,androidx.versionedparcelable.VersionedParcel) -> a
    void writeVersionedParcelable(androidx.versionedparcelable.VersionedParcelable) -> a
androidx.versionedparcelable.VersionedParcelParcel -> androidx.versionedparcelable.b:
    android.util.SparseIntArray mPositionLookup -> d
    java.lang.String mPrefix -> h
    int mNextRead -> j
    android.os.Parcel mParcel -> e
    int mFieldId -> k
    int mCurrentField -> i
    int mOffset -> f
    int mEnd -> g
    void closeField() -> a
    boolean readField(int) -> a
    void writeBoolean(boolean) -> a
    void writeByteArray(byte[]) -> a
    void writeCharSequence(java.lang.CharSequence) -> a
    void writeParcelable(android.os.Parcelable) -> a
    void writeString(java.lang.String) -> a
    androidx.versionedparcelable.VersionedParcel createSubParcel() -> b
    void setOutputField(int) -> b
    void writeInt(int) -> c
    boolean readBoolean() -> d
    byte[] readByteArray() -> e
    java.lang.CharSequence readCharSequence() -> f
    int readInt() -> g
    android.os.Parcelable readParcelable() -> h
    java.lang.String readString() -> i
androidx.versionedparcelable.VersionedParcelable -> androidx.versionedparcelable.c:
io.flutter.Log -> b.a.a:
    void d(java.lang.String,java.lang.String) -> a
    void e(java.lang.String,java.lang.String,java.lang.Throwable) -> a
    void e(java.lang.String,java.lang.String) -> b
    void v(java.lang.String,java.lang.String) -> c
    void w(java.lang.String,java.lang.String) -> d